This file contains any messages produced by compilers while
running configure, to aid debugging if configure makes a mistake.

It was created by timestretch configure 1.0.0, which was
generated by GNU Autoconf 2.68.  Invocation command line was

  $ ./configure 

## --------- ##
## Platform. ##
## --------- ##

hostname = ubuntu
uname -m = x86_64
uname -r = 3.18.0-031800-generic
uname -s = Linux
uname -v = #201412071935 SMP Mon Dec 8 00:36:34 UTC 2014

/usr/bin/uname -p = unknown
/bin/uname -X     = unknown

/bin/arch              = unknown
/usr/bin/arch -k       = unknown
/usr/convex/getsysinfo = unknown
/usr/bin/hostinfo      = unknown
/bin/machine           = unknown
/usr/bin/oslevel       = unknown
/bin/universe          = unknown

PATH: /usr/local/sbin
PATH: /usr/local/bin
PATH: /usr/sbin
PATH: /usr/bin
PATH: /sbin
PATH: /bin


## ----------- ##
## Core tests. ##
## ----------- ##

configure:2070: checking for a BSD-compatible install
configure:2138: result: /usr/bin/install -c
configure:2149: checking whether build environment is sane
configure:2199: result: yes
configure:2340: checking for a thread-safe mkdir -p
configure:2379: result: /bin/mkdir -p
configure:2392: checking for gawk
configure:2422: result: no
configure:2392: checking for mawk
configure:2408: found /usr/bin/mawk
configure:2419: result: mawk
configure:2430: checking whether make sets $(MAKE)
configure:2452: result: yes
configure:2539: checking build system type
configure:2553: result: x86_64-unknown-linux-gnu
configure:2573: checking host system type
configure:2586: result: x86_64-unknown-linux-gnu
configure:2606: checking for supported host Operating System
configure:2611: result: yes, linux-gnu
configure:2623: checking for a supported CPU architecture
configure:2628: result: yes, x86_64
configure:2707: checking for gcc
configure:2723: found /usr/bin/gcc
configure:2734: result: gcc
configure:2963: checking for C compiler version
configure:2972: gcc --version >&5
gcc (Ubuntu/Linaro 4.6.3-1ubuntu5) 4.6.3
Copyright (C) 2011 Free Software Foundation, Inc.
This is free software; see the source for copying conditions.  There is NO
warranty; not even for MERCHANTABILITY or FITNESS FOR A PARTICULAR PURPOSE.

configure:2983: $? = 0
configure:2972: gcc -v >&5
Using built-in specs.
COLLECT_GCC=gcc
COLLECT_LTO_WRAPPER=/usr/lib/gcc/x86_64-linux-gnu/4.6/lto-wrapper
Target: x86_64-linux-gnu
Configured with: ../src/configure -v --with-pkgversion='Ubuntu/Linaro 4.6.3-1ubuntu5' --with-bugurl=file:///usr/share/doc/gcc-4.6/README.Bugs --enable-languages=c,c++,fortran,objc,obj-c++ --prefix=/usr --program-suffix=-4.6 --enable-shared --enable-linker-build-id --with-system-zlib --libexecdir=/usr/lib --without-included-gettext --enable-threads=posix --with-gxx-include-dir=/usr/include/c++/4.6 --libdir=/usr/lib --enable-nls --with-sysroot=/ --enable-clocale=gnu --enable-libstdcxx-debug --enable-libstdcxx-time=yes --enable-gnu-unique-object --enable-plugin --enable-objc-gc --disable-werror --with-arch-32=i686 --with-tune=generic --enable-checking=release --build=x86_64-linux-gnu --host=x86_64-linux-gnu --target=x86_64-linux-gnu
Thread model: posix
gcc version 4.6.3 (Ubuntu/Linaro 4.6.3-1ubuntu5) 
configure:2983: $? = 0
configure:2972: gcc -V >&5
gcc: error: unrecognized option '-V'
gcc: fatal error: no input files
compilation terminated.
configure:2983: $? = 4
configure:2972: gcc -qversion >&5
gcc: error: unrecognized option '-qversion'
gcc: fatal error: no input files
compilation terminated.
configure:2983: $? = 4
configure:3003: checking whether the C compiler works
configure:3025: gcc    conftest.c  >&5
configure:3029: $? = 0
configure:3077: result: yes
configure:3080: checking for C compiler default output file name
configure:3082: result: a.out
configure:3088: checking for suffix of executables
configure:3095: gcc -o conftest    conftest.c  >&5
configure:3099: $? = 0
configure:3121: result: 
configure:3143: checking whether we are cross compiling
configure:3151: gcc -o conftest    conftest.c  >&5
configure:3155: $? = 0
configure:3162: ./conftest
configure:3166: $? = 0
configure:3181: result: no
configure:3186: checking for suffix of object files
configure:3208: gcc -c   conftest.c >&5
configure:3212: $? = 0
configure:3233: result: o
configure:3237: checking whether we are using the GNU C compiler
configure:3256: gcc -c   conftest.c >&5
configure:3256: $? = 0
configure:3265: result: yes
configure:3274: checking whether gcc accepts -g
configure:3294: gcc -c -g  conftest.c >&5
configure:3294: $? = 0
configure:3335: result: yes
configure:3352: checking for gcc option to accept ISO C89
configure:3416: gcc  -c -g -O2  conftest.c >&5
configure:3416: $? = 0
configure:3429: result: none needed
configure:3460: checking for style of include used by make
configure:3488: result: GNU
configure:3514: checking dependency style of gcc
configure:3625: result: none
configure:3642: checking whether ln -s works
configure:3646: result: yes
configure:3653: checking for grep that handles long lines and -e
configure:3711: result: /bin/grep
configure:3716: checking for a sed that does not truncate output
configure:3780: result: /bin/sed
configure:3828: checking for ranlib
configure:3844: found /usr/bin/ranlib
configure:3855: result: ranlib
configure:3879: checking for rm
configure:3898: found /bin/rm
configure:3911: result: /bin/rm
configure:3923: checking for finish_task_switch in the current kernel
configure:3930: result: found at 0xffffffff8109a990
configure:3936: checking the address of function next to finish_task_switch in the current kernel
configure:3943: result: found at 0xffffffff8109ab10
configure:3956: checking how to run the C preprocessor
configure:3987: gcc -E  conftest.c
configure:3987: $? = 0
configure:4001: gcc -E  conftest.c
conftest.c:11:28: fatal error: ac_nonexistent.h: No such file or directory
compilation terminated.
configure:4001: $? = 1
configure: failed program was:
| /* confdefs.h */
| #define PACKAGE_NAME "timestretch"
| #define PACKAGE_TARNAME "timestretch"
| #define PACKAGE_VERSION "1.0.0"
| #define PACKAGE_STRING "timestretch 1.0.0"
| #define PACKAGE_BUGREPORT "quaglia@dis.uniroma1.it,pellegrini@dis.uniroma1.it"
| #define PACKAGE_URL ""
| #define PACKAGE "timestretch"
| #define VERSION "1.0.0"
| /* end confdefs.h.  */
| #include <ac_nonexistent.h>
configure:4026: result: gcc -E
configure:4046: gcc -E  conftest.c
configure:4046: $? = 0
configure:4060: gcc -E  conftest.c
conftest.c:11:28: fatal error: ac_nonexistent.h: No such file or directory
compilation terminated.
configure:4060: $? = 1
configure: failed program was:
| /* confdefs.h */
| #define PACKAGE_NAME "timestretch"
| #define PACKAGE_TARNAME "timestretch"
| #define PACKAGE_VERSION "1.0.0"
| #define PACKAGE_STRING "timestretch 1.0.0"
| #define PACKAGE_BUGREPORT "quaglia@dis.uniroma1.it,pellegrini@dis.uniroma1.it"
| #define PACKAGE_URL ""
| #define PACKAGE "timestretch"
| #define VERSION "1.0.0"
| /* end confdefs.h.  */
| #include <ac_nonexistent.h>
configure:4089: checking for egrep
configure:4151: result: /bin/grep -E
configure:4156: checking for ANSI C header files
configure:4176: gcc -c -g -O2  conftest.c >&5
configure:4176: $? = 0
configure:4249: gcc -o conftest -g -O2   conftest.c  >&5
configure:4249: $? = 0
configure:4249: ./conftest
configure:4249: $? = 0
configure:4260: result: yes
configure:4273: checking for sys/types.h
configure:4273: gcc -c -g -O2  conftest.c >&5
configure:4273: $? = 0
configure:4273: result: yes
configure:4273: checking for sys/stat.h
configure:4273: gcc -c -g -O2  conftest.c >&5
configure:4273: $? = 0
configure:4273: result: yes
configure:4273: checking for stdlib.h
configure:4273: gcc -c -g -O2  conftest.c >&5
configure:4273: $? = 0
configure:4273: result: yes
configure:4273: checking for string.h
configure:4273: gcc -c -g -O2  conftest.c >&5
configure:4273: $? = 0
configure:4273: result: yes
configure:4273: checking for memory.h
configure:4273: gcc -c -g -O2  conftest.c >&5
configure:4273: $? = 0
configure:4273: result: yes
configure:4273: checking for strings.h
configure:4273: gcc -c -g -O2  conftest.c >&5
configure:4273: $? = 0
configure:4273: result: yes
configure:4273: checking for inttypes.h
configure:4273: gcc -c -g -O2  conftest.c >&5
configure:4273: $? = 0
configure:4273: result: yes
configure:4273: checking for stdint.h
configure:4273: gcc -c -g -O2  conftest.c >&5
configure:4273: $? = 0
configure:4273: result: yes
configure:4273: checking for unistd.h
configure:4273: gcc -c -g -O2  conftest.c >&5
configure:4273: $? = 0
configure:4273: result: yes
configure:4287: checking linux/ioctl.h usability
configure:4287: gcc -c -g -O2  conftest.c >&5
configure:4287: $? = 0
configure:4287: result: yes
configure:4287: checking linux/ioctl.h presence
configure:4287: gcc -E  conftest.c
configure:4287: $? = 0
configure:4287: result: yes
configure:4287: checking for linux/ioctl.h
configure:4287: result: yes
configure:4469: creating ./config.status

## ---------------------- ##
## Running config.status. ##
## ---------------------- ##

This file was extended by timestretch config.status 1.0.0, which was
generated by GNU Autoconf 2.68.  Invocation command line was

  CONFIG_FILES    = 
  CONFIG_HEADERS  = 
  CONFIG_LINKS    = 
  CONFIG_COMMANDS = 
  $ ./config.status 

on ubuntu

config.status:803: creating Makefile
config.status:975: executing depfiles commands

## ---------------- ##
## Cache variables. ##
## ---------------- ##

ac_cv_build=x86_64-unknown-linux-gnu
ac_cv_c_compiler_gnu=yes
ac_cv_env_CC_set=
ac_cv_env_CC_value=
ac_cv_env_CFLAGS_set=
ac_cv_env_CFLAGS_value=
ac_cv_env_CPPFLAGS_set=
ac_cv_env_CPPFLAGS_value=
ac_cv_env_CPP_set=
ac_cv_env_CPP_value=
ac_cv_env_LDFLAGS_set=
ac_cv_env_LDFLAGS_value=
ac_cv_env_LIBS_set=
ac_cv_env_LIBS_value=
ac_cv_env_build_alias_set=
ac_cv_env_build_alias_value=
ac_cv_env_host_alias_set=
ac_cv_env_host_alias_value=
ac_cv_env_target_alias_set=
ac_cv_env_target_alias_value=
ac_cv_header_inttypes_h=yes
ac_cv_header_linux_ioctl_h=yes
ac_cv_header_memory_h=yes
ac_cv_header_stdc=yes
ac_cv_header_stdint_h=yes
ac_cv_header_stdlib_h=yes
ac_cv_header_string_h=yes
ac_cv_header_strings_h=yes
ac_cv_header_sys_stat_h=yes
ac_cv_header_sys_types_h=yes
ac_cv_header_unistd_h=yes
ac_cv_host=x86_64-unknown-linux-gnu
ac_cv_objext=o
ac_cv_path_EGREP='/bin/grep -E'
ac_cv_path_GREP=/bin/grep
ac_cv_path_RM=/bin/rm
ac_cv_path_SED=/bin/sed
ac_cv_path_install='/usr/bin/install -c'
ac_cv_path_mkdir=/bin/mkdir
ac_cv_prog_AWK=mawk
ac_cv_prog_CPP='gcc -E'
ac_cv_prog_ac_ct_CC=gcc
ac_cv_prog_ac_ct_RANLIB=ranlib
ac_cv_prog_cc_c89=
ac_cv_prog_cc_g=yes
ac_cv_prog_make_make_set=yes
am_cv_CC_dependencies_compiler_type=none

## ----------------- ##
## Output variables. ##
## ----------------- ##

ACLOCAL='${SHELL} /home/emanuele/Prove/SH/missing --run aclocal-1.11'
AMDEPBACKSLASH='\'
AMDEP_FALSE='#'
AMDEP_TRUE=''
AMTAR='$${TAR-tar}'
AUTOCONF='${SHELL} /home/emanuele/Prove/SH/missing --run autoconf'
AUTOHEADER='${SHELL} /home/emanuele/Prove/SH/missing --run autoheader'
AUTOMAKE='${SHELL} /home/emanuele/Prove/SH/missing --run automake-1.11'
AWK='mawk'
CC='gcc'
CCDEPMODE='depmode=none'
CFLAGS='-g -O2'
CPP='gcc -E'
CPPFLAGS=''
CYGPATH_W='echo'
DEFS='-DPACKAGE_NAME=\"timestretch\" -DPACKAGE_TARNAME=\"timestretch\" -DPACKAGE_VERSION=\"1.0.0\" -DPACKAGE_STRING=\"timestretch\ 1.0.0\" -DPACKAGE_BUGREPORT=\"quaglia@dis.uniroma1.it,pellegrini@dis.uniroma1.it\" -DPACKAGE_URL=\"\" -DPACKAGE=\"timestretch\" -DVERSION=\"1.0.0\" -DSTDC_HEADERS=1 -DHAVE_SYS_TYPES_H=1 -DHAVE_SYS_STAT_H=1 -DHAVE_STDLIB_H=1 -DHAVE_STRING_H=1 -DHAVE_MEMORY_H=1 -DHAVE_STRINGS_H=1 -DHAVE_INTTYPES_H=1 -DHAVE_STDINT_H=1 -DHAVE_UNISTD_H=1 -DHAVE_LINUX_IOCTL_H=1'
DEPDIR='.deps'
ECHO_C=''
ECHO_N='-n'
ECHO_T=''
EGREP='/bin/grep -E'
EXEEXT=''
FTS_ADDR='0xffffffff8109a990'
FTS_ADDR_NEXT='0xffffffff8109ab10'
GREP='/bin/grep'
INSTALL_DATA='${INSTALL} -m 644'
INSTALL_PROGRAM='${INSTALL}'
INSTALL_SCRIPT='${INSTALL}'
INSTALL_STRIP_PROGRAM='$(install_sh) -c -s'
KERNEL_MOD='/lib/modules/3.18.0-031800-generic/extra'
KERNEL_SRC='/lib/modules/3.18.0-031800-generic/build'
LDFLAGS=''
LIBOBJS=''
LIBS=''
LN_S='ln -s'
LTLIBOBJS=''
MAKEINFO='${SHELL} /home/emanuele/Prove/SH/missing --run makeinfo'
MKDIR_P='/bin/mkdir -p'
OBJEXT='o'
PACKAGE='timestretch'
PACKAGE_BUGREPORT='quaglia@dis.uniroma1.it,pellegrini@dis.uniroma1.it'
PACKAGE_NAME='timestretch'
PACKAGE_STRING='timestretch 1.0.0'
PACKAGE_TARNAME='timestretch'
PACKAGE_URL=''
PACKAGE_VERSION='1.0.0'
PATH_SEPARATOR=':'
RANLIB='ranlib'
RM='/bin/rm'
SED='/bin/sed'
SET_MAKE=''
SHELL='/bin/bash'
STRIP=''
VERSION='1.0.0'
ac_ct_CC='gcc'
am__EXEEXT_FALSE=''
am__EXEEXT_TRUE='#'
am__fastdepCC_FALSE=''
am__fastdepCC_TRUE='#'
am__include='include'
am__isrc=''
am__leading_dot='.'
am__nodep='_no'
am__quote=''
am__tar='$${TAR-tar} chof - "$$tardir"'
am__untar='$${TAR-tar} xf -'
bindir='${exec_prefix}/bin'
build='x86_64-unknown-linux-gnu'
build_alias=''
build_cpu='x86_64'
build_os='linux-gnu'
build_vendor='unknown'
datadir='${datarootdir}'
datarootdir='${prefix}/share'
docdir='${datarootdir}/doc/${PACKAGE_TARNAME}'
dvidir='${docdir}'
exec_prefix='${prefix}'
host='x86_64-unknown-linux-gnu'
host_alias=''
host_cpu='x86_64'
host_os='linux-gnu'
host_vendor='unknown'
htmldir='${docdir}'
includedir='${prefix}/include'
infodir='${datarootdir}/info'
install_sh='${SHELL} /home/emanuele/Prove/SH/install-sh'
libdir='${exec_prefix}/lib'
libexecdir='${exec_prefix}/libexec'
localedir='${datarootdir}/locale'
localstatedir='${prefix}/var'
mandir='${datarootdir}/man'
mkdir_p='/bin/mkdir -p'
oldincludedir='/usr/include'
pdfdir='${docdir}'
prefix='/usr/local'
program_transform_name='s,x,x,'
psdir='${docdir}'
sbindir='${exec_prefix}/sbin'
sharedstatedir='${prefix}/com'
sysconfdir='${prefix}/etc'
target_alias=''
with_kernel='3.18.0-031800-generic'
with_kernel_mod='/lib/modules/3.18.0-031800-generic/extra'

## ----------- ##
## confdefs.h. ##
## ----------- ##

/* confdefs.h */
#define PACKAGE_NAME "timestretch"
#define PACKAGE_TARNAME "timestretch"
#define PACKAGE_VERSION "1.0.0"
#define PACKAGE_STRING "timestretch 1.0.0"
#define PACKAGE_BUGREPORT "quaglia@dis.uniroma1.it,pellegrini@dis.uniroma1.it"
#define PACKAGE_URL ""
#define PACKAGE "timestretch"
#define VERSION "1.0.0"
#define STDC_HEADERS 1
#define HAVE_SYS_TYPES_H 1
#define HAVE_SYS_STAT_H 1
#define HAVE_STDLIB_H 1
#define HAVE_STRING_H 1
#define HAVE_MEMORY_H 1
#define HAVE_STRINGS_H 1
#define HAVE_INTTYPES_H 1
#define HAVE_STDINT_H 1
#define HAVE_UNISTD_H 1
#define HAVE_LINUX_IOCTL_H 1

configure: exit 0
